05/02/2018 02:04:18 : Event detected on socket 3
05/02/2018 02:04:18 : A client tries to connect
05/02/2018 02:04:18 : Client with socket 4 was put in waiting list
05/02/2018 02:04:18 : message "wait0" sent on socket 4
05/02/2018 02:04:33 : Event detected on socket 3
05/02/2018 02:04:33 : A client tries to connect
05/02/2018 02:04:33 : Client with socket 6 was put in waiting list
05/02/2018 02:04:33 : message "wait1" sent on socket 6
05/02/2018 02:04:33 : Socket 6 closed
05/02/2018 02:04:33 : Client disconnected and removed from waiting list
05/02/2018 02:04:55 : Event detected on socket 3
05/02/2018 02:04:55 : A client tries to connect
05/02/2018 02:04:55 : Client with socket 6 was put in waiting list
05/02/2018 02:04:55 : message "wait1" sent on socket 6
05/02/2018 02:05:08 : Event detected on socket 3
05/02/2018 02:05:08 : Socket 4 closed
05/02/2018 02:05:08 : message "wait0" sent on socket 6
05/02/2018 02:05:08 : Client of waiting list disconnected
Still 1 client(s) in wait list
05/02/2018 02:05:09 : Event detected on socket 3
