05/02/2018 01:50:39 : Connection to 192.168.0.50...
05/02/2018 01:50:39 : Connection to 192.168.0.50 established
05/02/2018 01:50:39 : Sending slot query to server
05/02/2018 01:50:39 : message "coucou" sent on socket 3
05/02/2018 01:50:39 : Waiting for server response...
05/02/2018 01:50:39 : Server response: port1350
05/02/2018 01:50:39 : Server info: slot free on port 1350.
05/02/2018 01:50:39 : Launching tx session on 192.168.0.50:1350
05/02/2018 01:50:39 : Started audio transmission
05/02/2018 01:50:40 : message "wait" sent on socket 3
05/02/2018 01:50:43 : Connection to 192.168.0.50...
05/02/2018 01:50:43 : Connection to 192.168.0.50 established
05/02/2018 01:50:43 : Sending slot query to server
05/02/2018 01:50:43 : message "coucou" sent on socket 3
05/02/2018 01:50:43 : Waiting for server response...
05/02/2018 01:50:43 : Server response: wait0
05/02/2018 01:50:43 : Server info: all slots are busy, 0 other clients is waiting list.
05/02/2018 01:50:43 : Server slots are full
05/02/2018 01:50:44 : message "wait" sent on socket 3
05/02/2018 01:50:56 : Server indicates to stream on port 1350
05/02/2018 01:50:56 : Launching tx session on 192.168.0.50:1350
05/02/2018 01:50:56 : Started audio transmission
05/02/2018 01:50:57 : message "wait" sent on socket 3
05/02/2018 01:51:05 : Connection to 192.168.0.50...
05/02/2018 01:51:05 : Connection to 192.168.0.50 established
05/02/2018 01:51:05 : Sending slot query to server
05/02/2018 01:51:05 : message "coucou" sent on socket 3
05/02/2018 01:51:05 : Waiting for server response...
05/02/2018 01:51:05 : Server response: wait0
05/02/2018 01:51:05 : Server info: all slots are busy, 0 other clients is waiting list.
05/02/2018 01:51:05 : Server slots are full
05/02/2018 01:51:05 : Waiting mode disabled. Start tx with -w option to wait
05/02/2018 01:51:05 : Socket 3 closed
05/02/2018 01:51:28 : Connection to 192.168.0.50...
05/02/2018 01:51:28 : Connection to 192.168.0.50 established
05/02/2018 01:51:28 : Sending slot query to server
05/02/2018 01:51:28 : message "coucou" sent on socket 3
05/02/2018 01:51:28 : Waiting for server response...
05/02/2018 01:51:28 : Server response: wait0
05/02/2018 01:51:28 : Server info: all slots are busy, 0 other clients is waiting list.
05/02/2018 01:51:28 : Server slots are full
05/02/2018 01:51:29 : message "wait" sent on socket 3
05/02/2018 01:51:31 : Server lost.
05/02/2018 01:51:31 : Socket 3 closed
05/02/2018 01:51:31 : Audio transmission finished
05/02/2018 01:53:29 : Connection to 192.168.0.50...
05/02/2018 01:53:29 : Connection to 192.168.0.50 established
05/02/2018 01:53:29 : Sending slot query to server
05/02/2018 01:53:29 : message "coucou" sent on socket 3
05/02/2018 01:53:29 : Waiting for server response...
05/02/2018 01:53:29 : Server response: port1350
05/02/2018 01:53:29 : Server info: slot free on port 1350.
05/02/2018 01:53:29 : Launching tx session on 192.168.0.50:1350
05/02/2018 01:53:30 : Started audio transmission
05/02/2018 01:53:30 : message "wait" sent on socket 3
05/02/2018 01:53:51 : Connection to 192.168.0.50...
05/02/2018 01:53:51 : Connection to 192.168.0.50 established
05/02/2018 01:53:51 : Sending slot query to server
05/02/2018 01:53:51 : message "coucou" sent on socket 3
05/02/2018 01:53:51 : Waiting for server response...
05/02/2018 01:53:51 : Server response: wait0
05/02/2018 01:53:51 : Server info: all slots are busy, 0 other clients is waiting list.
05/02/2018 01:53:51 : Server slots are full
05/02/2018 01:53:52 : message "wait" sent on socket 3
05/02/2018 01:54:04 : Server lost.
05/02/2018 01:54:04 : Socket 3 closed
05/02/2018 01:54:04 : Audio transmission finished
05/02/2018 01:56:04 : Connection to 192.168.0.50...
05/02/2018 01:56:04 : Connection to 192.168.0.50 established
05/02/2018 01:56:04 : Sending slot query to server
05/02/2018 01:56:04 : message "coucou" sent on socket 3
05/02/2018 01:56:04 : Waiting for server response...
05/02/2018 01:56:04 : Server response: port1350
05/02/2018 01:56:04 : Server info: slot free on port 1350.
05/02/2018 01:56:04 : Launching tx session on 192.168.0.50:1350
05/02/2018 01:56:04 : Started audio transmission
05/02/2018 01:56:05 : message "wait" sent on socket 3
05/02/2018 02:02:11 : Connection to 192.168.0.50...
05/02/2018 02:02:11 : Connection to 192.168.0.50 established
05/02/2018 02:02:11 : Sending slot query to server
05/02/2018 02:02:11 : message "coucou" sent on socket 3
05/02/2018 02:02:11 : Waiting for server response...
05/02/2018 02:02:11 : Server response: port1350
05/02/2018 02:02:11 : Server info: slot free on port 1350.
05/02/2018 02:02:11 : Launching tx session on 192.168.0.50:1350
05/02/2018 02:02:11 : Started audio transmission
05/02/2018 02:02:12 : message "wait" sent on socket 3
05/02/2018 02:02:21 : Connection to 192.168.0.50...
05/02/2018 02:02:21 : Connection to 192.168.0.50 established
05/02/2018 02:02:21 : Sending slot query to server
05/02/2018 02:02:21 : message "coucou" sent on socket 3
05/02/2018 02:02:21 : Waiting for server response...
05/02/2018 02:02:21 : Server response: wait0
05/02/2018 02:02:21 : Server info: all slots are busy, 0 other clients is waiting list.
05/02/2018 02:02:21 : Server slots are full
05/02/2018 02:02:22 : message "wait" sent on socket 3
05/02/2018 02:02:45 : Connection to 192.168.0.50...
05/02/2018 02:02:45 : Connection to 192.168.0.50 established
05/02/2018 02:02:45 : Sending slot query to server
05/02/2018 02:02:45 : message "coucou" sent on socket 3
05/02/2018 02:02:45 : Waiting for server response...
05/02/2018 02:02:45 : Server response: port1350
05/02/2018 02:02:45 : Server info: slot free on port 1350.
05/02/2018 02:02:45 : Launching tx session on 192.168.0.50:1350
05/02/2018 02:02:45 : Started audio transmission
05/02/2018 02:02:46 : message "wait" sent on socket 3
05/02/2018 02:02:53 : Connection to 192.168.0.50...
05/02/2018 02:02:53 : Connection to 192.168.0.50 established
05/02/2018 02:02:53 : Sending slot query to server
05/02/2018 02:02:53 : message "coucou" sent on socket 3
05/02/2018 02:02:53 : Waiting for server response...
05/02/2018 02:02:53 : Server response: wait0
05/02/2018 02:02:53 : Server info: all slots are busy, 0 other clients is waiting list.
05/02/2018 02:02:53 : Server slots are full
05/02/2018 02:02:54 : message "wait" sent on socket 3
05/02/2018 02:03:01 : Server indicates to stream on port 1350
05/02/2018 02:03:01 : Launching tx session on 192.168.0.50:1350
05/02/2018 02:03:02 : Started audio transmission
05/02/2018 02:03:02 : message "wait" sent on socket 3
05/02/2018 02:04:18 : Connection to 192.168.0.50...
05/02/2018 02:04:18 : Connection to 192.168.0.50 established
05/02/2018 02:04:18 : Sending slot query to server
05/02/2018 02:04:18 : message "coucou" sent on socket 3
05/02/2018 02:04:18 : Waiting for server response...
05/02/2018 02:04:18 : Server response: wait0
05/02/2018 02:04:18 : Server info: all slots are busy, 0 other clients is waiting list.
05/02/2018 02:04:18 : Server slots are full
05/02/2018 02:04:19 : message "wait" sent on socket 3
05/02/2018 02:04:33 : Connection to 192.168.0.50...
05/02/2018 02:04:33 : Connection to 192.168.0.50 established
05/02/2018 02:04:33 : Sending slot query to server
05/02/2018 02:04:33 : message "coucou" sent on socket 3
05/02/2018 02:04:33 : Waiting for server response...
05/02/2018 02:04:33 : Server response: wait1
05/02/2018 02:04:33 : Server info: all slots are busy, 1 other clients is waiting list.
05/02/2018 02:04:33 : Server slots are full
05/02/2018 02:04:33 : Waiting mode disabled. Start tx with -w option to wait
05/02/2018 02:04:33 : Socket 3 closed
05/02/2018 02:04:55 : Connection to 192.168.0.50...
05/02/2018 02:04:55 : Connection to 192.168.0.50 established
05/02/2018 02:04:55 : Sending slot query to server
05/02/2018 02:04:55 : message "coucou" sent on socket 3
05/02/2018 02:04:55 : Waiting for server response...
05/02/2018 02:04:55 : Server response: wait1
05/02/2018 02:04:55 : Server info: all slots are busy, 1 other clients is waiting list.
05/02/2018 02:04:55 : Server slots are full
05/02/2018 02:04:56 : message "wait" sent on socket 3
05/02/2018 02:05:08 : Your are in wait list on position 1
05/02/2018 02:05:08 : Server slots are full
05/02/2018 02:05:09 : message "wait" sent on socket 3
05/02/2018 02:05:09 : Server lost.
05/02/2018 02:05:09 : Socket 3 closed
05/02/2018 02:06:32 : Connection to 192.168.0.50...
05/02/2018 02:06:32 : Connection to 192.168.0.50 established
05/02/2018 02:06:32 : Sending slot query to server
05/02/2018 02:06:32 : message "coucou" sent on socket 3
05/02/2018 02:06:32 : Waiting for server response...
05/02/2018 02:06:32 : Server response: port1350
05/02/2018 02:06:32 : Server info: slot free on port 1350.
05/02/2018 02:06:32 : Launching tx session on 192.168.0.50:1350
05/02/2018 02:06:32 : Started audio transmission
05/02/2018 02:06:33 : message "wait" sent on socket 3
05/02/2018 02:06:54 : Connection to 192.168.0.50...
05/02/2018 02:06:54 : Connection to 192.168.0.50 established
05/02/2018 02:06:54 : Sending slot query to server
05/02/2018 02:06:54 : message "coucou" sent on socket 3
05/02/2018 02:06:54 : Waiting for server response...
05/02/2018 02:06:54 : Server response: wait0
05/02/2018 02:06:54 : Server info: all slots are busy, 0 other clients is waiting list.
05/02/2018 02:06:54 : Server slots are full
05/02/2018 02:06:55 : message "wait" sent on socket 3
05/02/2018 02:07:03 : Server indicates to stream on port 1350
05/02/2018 02:07:03 : Launching tx session on 192.168.0.50:1350
05/02/2018 02:07:03 : Started audio transmission
05/02/2018 02:07:04 : message "wait" sent on socket 3
05/02/2018 02:07:29 : Connection to 192.168.0.50...
05/02/2018 02:07:29 : Connection to 192.168.0.50 established
05/02/2018 02:07:29 : Sending slot query to server
05/02/2018 02:07:29 : message "coucou" sent on socket 3
05/02/2018 02:07:29 : Waiting for server response...
05/02/2018 02:07:29 : Server response: wait0
05/02/2018 02:07:29 : Server info: all slots are busy, 0 other clients is waiting list.
05/02/2018 02:07:29 : Server slots are full
05/02/2018 02:07:30 : message "wait" sent on socket 3
05/02/2018 02:07:41 : Connection to 192.168.0.50...
05/02/2018 02:07:41 : Connection to 192.168.0.50 established
05/02/2018 02:07:41 : Sending slot query to server
05/02/2018 02:07:41 : message "coucou" sent on socket 3
05/02/2018 02:07:41 : Waiting for server response...
05/02/2018 02:07:41 : Server response: wait1
05/02/2018 02:07:41 : Server info: all slots are busy, 1 other clients is waiting list.
05/02/2018 02:07:41 : Server slots are full
05/02/2018 02:07:42 : message "wait" sent on socket 3
05/02/2018 02:08:13 : Your are in wait list on position 1
05/02/2018 02:08:13 : Server slots are full
05/02/2018 02:08:14 : message "wait" sent on socket 3
05/02/2018 02:08:14 : Server lost.
05/02/2018 02:08:14 : Server lost.
05/02/2018 02:08:14 : Socket 3 closed
05/02/2018 02:08:14 : Socket 3 closed
05/02/2018 02:08:14 : Audio transmission finished
05/02/2018 02:09:45 : Connection to 192.168.0.50...
05/02/2018 02:09:45 : Connection to 192.168.0.50 established
05/02/2018 02:09:45 : Sending slot query to server
05/02/2018 02:09:45 : message "coucou" sent on socket 3
05/02/2018 02:09:45 : Waiting for server response...
05/02/2018 02:09:45 : Server response: port1350
05/02/2018 02:09:45 : Server info: slot free on port 1350.
05/02/2018 02:09:45 : Launching tx session on 192.168.0.50:1350
05/02/2018 02:09:45 : Started audio transmission
05/02/2018 02:09:46 : message "wait" sent on socket 3
05/02/2018 02:09:50 : Connection to 192.168.0.50...
05/02/2018 02:09:50 : Connection to 192.168.0.50 established
05/02/2018 02:09:50 : Sending slot query to server
05/02/2018 02:09:50 : message "coucou" sent on socket 3
05/02/2018 02:09:50 : Waiting for server response...
05/02/2018 02:09:50 : Server response: wait0
05/02/2018 02:09:50 : Server info: all slots are busy, 0 other clients is waiting list.
05/02/2018 02:09:50 : Server slots are full
05/02/2018 02:09:51 : message "wait" sent on socket 3
05/02/2018 02:10:02 : Connection to 192.168.0.50...
05/02/2018 02:10:02 : Connection to 192.168.0.50 established
05/02/2018 02:10:02 : Sending slot query to server
05/02/2018 02:10:02 : message "coucou" sent on socket 3
05/02/2018 02:10:02 : Waiting for server response...
05/02/2018 02:10:02 : Server response: wait1
05/02/2018 02:10:02 : Server info: all slots are busy, 1 other clients is waiting list.
05/02/2018 02:10:02 : Server slots are full
05/02/2018 02:10:03 : message "wait" sent on socket 3
05/02/2018 02:10:06 : Your are in wait list on position 1
05/02/2018 02:10:06 : Server slots are full
05/02/2018 02:10:07 : message "wait" sent on socket 3
05/02/2018 02:10:07 : Server lost.
05/02/2018 02:10:07 : Socket 3 closed
05/02/2018 02:11:16 : Connection to 192.168.0.50...
05/02/2018 02:11:16 : Connection to 192.168.0.50 established
05/02/2018 02:11:16 : Sending slot query to server
05/02/2018 02:11:16 : message "coucou" sent on socket 3
05/02/2018 02:11:16 : Waiting for server response...
05/02/2018 02:11:16 : Server response: port1350
05/02/2018 02:11:16 : Server info: slot free on port 1350.
05/02/2018 02:11:16 : Launching tx session on 192.168.0.50:1350
05/02/2018 02:11:16 : Started audio transmission
05/02/2018 02:11:17 : message "wait" sent on socket 3
05/02/2018 02:11:17 : Connection to 192.168.0.50...
05/02/2018 02:11:17 : Connection to 192.168.0.50 established
05/02/2018 02:11:17 : Sending slot query to server
05/02/2018 02:11:17 : message "coucou" sent on socket 3
05/02/2018 02:11:17 : Waiting for server response...
05/02/2018 02:11:17 : Server response: wait0
05/02/2018 02:11:17 : Server info: all slots are busy, 0 other clients is waiting list.
05/02/2018 02:11:17 : Server slots are full
05/02/2018 02:11:18 : message "wait" sent on socket 3
05/02/2018 02:11:22 : Connection to 192.168.0.50...
05/02/2018 02:11:22 : Connection to 192.168.0.50 established
05/02/2018 02:11:22 : Sending slot query to server
05/02/2018 02:11:22 : message "coucou" sent on socket 3
05/02/2018 02:11:22 : Waiting for server response...
05/02/2018 02:11:22 : Server response: wait1
05/02/2018 02:11:22 : Server info: all slots are busy, 1 other clients is waiting list.
05/02/2018 02:11:22 : Server slots are full
05/02/2018 02:11:23 : message "wait" sent on socket 3
05/02/2018 02:11:25 : Your are in wait list on position 1
05/02/2018 02:11:25 : Server slots are full
05/02/2018 02:11:26 : message "wait" sent on socket 3
05/02/2018 02:11:26 : Server lost.
05/02/2018 02:11:26 : Socket 3 closed
05/02/2018 02:12:39 : Connection to 192.168.0.50...
05/02/2018 02:12:39 : Connection to 192.168.0.50 established
05/02/2018 02:12:39 : Sending slot query to server
05/02/2018 02:12:39 : message "coucou" sent on socket 3
05/02/2018 02:12:39 : Waiting for server response...
05/02/2018 02:12:39 : Server response: port1350
05/02/2018 02:12:39 : Server info: slot free on port 1350.
05/02/2018 02:12:39 : Launching tx session on 192.168.0.50:1350
05/02/2018 02:12:39 : Started audio transmission
05/02/2018 02:12:40 : message "wait" sent on socket 3
05/02/2018 02:12:42 : Connection to 192.168.0.50...
05/02/2018 02:12:42 : Connection to 192.168.0.50 established
05/02/2018 02:12:42 : Sending slot query to server
05/02/2018 02:12:42 : message "coucou" sent on socket 3
05/02/2018 02:12:42 : Waiting for server response...
05/02/2018 02:12:42 : Server response: wait0
05/02/2018 02:12:42 : Server info: all slots are busy, 0 other clients is waiting list.
05/02/2018 02:12:42 : Server slots are full
05/02/2018 02:12:43 : message "wait" sent on socket 3
05/02/2018 02:12:45 : Connection to 192.168.0.50...
05/02/2018 02:12:45 : Connection to 192.168.0.50 established
05/02/2018 02:12:45 : Sending slot query to server
05/02/2018 02:12:45 : message "coucou" sent on socket 3
05/02/2018 02:12:45 : Waiting for server response...
05/02/2018 02:12:45 : Server response: wait1
05/02/2018 02:12:45 : Server info: all slots are busy, 1 other clients is waiting list.
05/02/2018 02:12:45 : Server slots are full
05/02/2018 02:12:46 : message "wait" sent on socket 3
05/02/2018 02:13:00 : Your are in wait list on position 1
05/02/2018 02:13:00 : Server slots are full
05/02/2018 02:13:01 : message "wait" sent on socket 3
05/02/2018 02:13:01 : Server lost.
05/02/2018 02:13:01 : Socket 3 closed
05/02/2018 02:14:07 : Connection to 192.168.0.50...
05/02/2018 02:14:07 : Connection to 192.168.0.50 established
05/02/2018 02:14:07 : Sending slot query to server
05/02/2018 02:14:07 : message "coucou" sent on socket 3
05/02/2018 02:14:07 : Waiting for server response...
05/02/2018 02:14:07 : Server response: port1350
05/02/2018 02:14:07 : Server info: slot free on port 1350.
05/02/2018 02:14:07 : Launching tx session on 192.168.0.50:1350
05/02/2018 02:14:07 : Started audio transmission
05/02/2018 02:14:08 : message "wait" sent on socket 3
05/02/2018 02:14:40 : Connection to 192.168.0.50...
05/02/2018 02:14:40 : Connection to 192.168.0.50 established
05/02/2018 02:14:40 : Sending slot query to server
05/02/2018 02:14:40 : message "coucou" sent on socket 3
05/02/2018 02:14:40 : Waiting for server response...
05/02/2018 02:14:40 : Server response: wait0
05/02/2018 02:14:40 : Server info: all slots are busy, 0 other clients is waiting list.
05/02/2018 02:14:40 : Server slots are full
05/02/2018 02:14:41 : message "wait" sent on socket 3
05/02/2018 02:14:51 : Connection to 192.168.0.50...
05/02/2018 02:14:51 : Connection to 192.168.0.50 established
05/02/2018 02:14:51 : Sending slot query to server
05/02/2018 02:14:51 : message "coucou" sent on socket 3
05/02/2018 02:14:51 : Waiting for server response...
05/02/2018 02:14:51 : Server response: wait1
05/02/2018 02:14:51 : Server info: all slots are busy, 1 other clients is waiting list.
05/02/2018 02:14:51 : Server slots are full
05/02/2018 02:14:52 : message "wait" sent on socket 3
05/02/2018 02:15:05 : Connection to 192.168.0.50...
05/02/2018 02:15:05 : Connection to 192.168.0.50 established
05/02/2018 02:15:05 : Sending slot query to server
05/02/2018 02:15:05 : message "coucou" sent on socket 3
05/02/2018 02:15:05 : Waiting for server response...
05/02/2018 02:15:05 : Server response: wait1
05/02/2018 02:15:05 : Server info: all slots are busy, 1 other clients is waiting list.
05/02/2018 02:15:05 : Server slots are full
05/02/2018 02:15:06 : message "wait" sent on socket 3
05/02/2018 02:15:16 : Your are in wait list on position 1
05/02/2018 02:15:16 : Server slots are full
05/02/2018 02:15:17 : message "wait" sent on socket 3
05/02/2018 02:15:17 : Server lost.
05/02/2018 02:15:17 : Socket 3 closed
05/02/2018 02:16:30 : Connection to 192.168.0.50...
05/02/2018 02:16:30 : Connection to 192.168.0.50 established
05/02/2018 02:16:30 : Sending slot query to server
05/02/2018 02:16:30 : message "coucou" sent on socket 3
05/02/2018 02:16:30 : Waiting for server response...
05/02/2018 02:16:30 : Server response: port1350
05/02/2018 02:16:30 : Server info: slot free on port 1350.
05/02/2018 02:16:30 : Launching tx session on 192.168.0.50:1350
05/02/2018 02:16:30 : Started audio transmission
05/02/2018 02:16:31 : message "wait" sent on socket 3
05/02/2018 02:16:53 : Connection to 192.168.0.50...
05/02/2018 02:16:53 : Connection to 192.168.0.50 established
05/02/2018 02:16:53 : Sending slot query to server
05/02/2018 02:16:53 : message "coucou" sent on socket 3
05/02/2018 02:16:53 : Waiting for server response...
05/02/2018 02:16:53 : Server response: wait0
05/02/2018 02:16:53 : Server info: all slots are busy, 0 other clients is waiting list.
05/02/2018 02:16:53 : Server slots are full
05/02/2018 02:16:54 : message "wait" sent on socket 3
05/02/2018 02:16:59 : Connection to 192.168.0.50...
05/02/2018 02:16:59 : Connection to 192.168.0.50 established
05/02/2018 02:16:59 : Sending slot query to server
05/02/2018 02:16:59 : message "coucou" sent on socket 3
05/02/2018 02:16:59 : Waiting for server response...
05/02/2018 02:16:59 : Server response: wait1
05/02/2018 02:16:59 : Server info: all slots are busy, 1 other clients is waiting list.
05/02/2018 02:16:59 : Server slots are full
05/02/2018 02:17:00 : message "wait" sent on socket 3
05/02/2018 02:17:08 : Your are in wait list on position 1
05/02/2018 02:17:08 : Server slots are full
05/02/2018 02:17:09 : message "wait" sent on socket 3
05/02/2018 02:17:09 : Server lost.
05/02/2018 02:17:09 : Socket 3 closed
05/02/2018 02:20:53 : Connection to 192.168.0.50...
05/02/2018 02:20:53 : Connection to 192.168.0.50 established
05/02/2018 02:20:53 : Sending slot query to server
05/02/2018 02:20:53 : message "coucou" sent on socket 3
05/02/2018 02:20:53 : Waiting for server response...
05/02/2018 02:20:53 : Server response: port1350
05/02/2018 02:20:53 : Server info: slot free on port 1350.
05/02/2018 02:20:53 : Launching tx session on 192.168.0.50:1350
05/02/2018 02:20:53 : Started audio transmission
05/02/2018 02:20:54 : message "wait" sent on socket 3
05/02/2018 02:24:38 : Connection to 192.168.0.50...
05/02/2018 02:24:38 : Connection to 192.168.0.50 established
05/02/2018 02:24:38 : Sending slot query to server
05/02/2018 02:24:38 : message "coucou" sent on socket 3
05/02/2018 02:24:38 : Waiting for server response...
05/02/2018 02:24:38 : Server response: port1350
05/02/2018 02:24:38 : Server info: slot free on port 1350.
05/02/2018 02:24:38 : Launching tx session on 192.168.0.50:1350
05/02/2018 02:24:38 : Started audio transmission
05/02/2018 02:24:44 : Connection to 192.168.0.50...
05/02/2018 02:24:44 : Connection to 192.168.0.50 established
05/02/2018 02:24:44 : Sending slot query to server
05/02/2018 02:24:44 : message "coucou" sent on socket 3
05/02/2018 02:24:44 : Waiting for server response...
05/02/2018 02:24:44 : Server response: wait0
05/02/2018 02:24:44 : Server info: all slots are busy, 0 other clients is waiting list.
05/02/2018 02:24:44 : Server slots are full
05/02/2018 02:24:45 : message "wait" sent on socket 3
05/02/2018 02:24:59 : Connection to 192.168.0.50...
05/02/2018 02:24:59 : Connection to 192.168.0.50 established
05/02/2018 02:24:59 : Sending slot query to server
05/02/2018 02:24:59 : message "coucou" sent on socket 3
05/02/2018 02:24:59 : Waiting for server response...
05/02/2018 02:24:59 : Server response: wait0
05/02/2018 02:24:59 : Server info: all slots are busy, 0 other clients is waiting list.
05/02/2018 02:24:59 : Server slots are full
05/02/2018 02:25:00 : message "wait" sent on socket 3
05/02/2018 02:25:04 : Connection to 192.168.0.50...
05/02/2018 02:25:04 : Connection to 192.168.0.50 established
05/02/2018 02:25:04 : Sending slot query to server
05/02/2018 02:25:04 : message "coucou" sent on socket 3
05/02/2018 02:25:04 : Waiting for server response...
05/02/2018 02:25:04 : Server response: wait1
05/02/2018 02:25:04 : Server info: all slots are busy, 1 other clients is waiting list.
05/02/2018 02:25:04 : Server slots are full
05/02/2018 02:25:04 : Waiting mode disabled. Start tx with -w option to wait
05/02/2018 02:25:04 : Socket 3 closed
05/02/2018 02:25:11 : Connection to 192.168.0.50...
05/02/2018 02:25:11 : Connection to 192.168.0.50 established
05/02/2018 02:25:11 : Sending slot query to server
05/02/2018 02:25:11 : message "coucou" sent on socket 3
05/02/2018 02:25:11 : Waiting for server response...
05/02/2018 02:25:11 : Server response: wait1
05/02/2018 02:25:11 : Server info: all slots are busy, 1 other clients is waiting list.
05/02/2018 02:25:11 : Server slots are full
05/02/2018 02:25:12 : message "wait" sent on socket 3
05/02/2018 02:25:17 : Your are in wait list on position 1
05/02/2018 02:25:17 : Server slots are full
05/02/2018 02:25:18 : message "wait" sent on socket 3
05/02/2018 02:25:18 : Server lost.
05/02/2018 02:25:18 : Socket 3 closed
05/02/2018 02:42:37 : Connection to 192.168.0.50...
05/02/2018 02:42:37 : Connection to 192.168.0.50 established
05/02/2018 02:42:37 : Sending slot query to server
05/02/2018 02:42:37 : message "coucou" sent on socket 3
05/02/2018 02:42:37 : Waiting for server response...
05/02/2018 02:42:37 : Server response: port1350
05/02/2018 02:42:37 : Server info: slot free on port 1350.
05/02/2018 02:42:37 : Launching tx session on 192.168.0.50:1350
05/02/2018 02:42:37 : Started audio transmission
05/02/2018 02:42:45 : Connection to 192.168.0.50...
05/02/2018 02:42:45 : Connection to 192.168.0.50 established
05/02/2018 02:42:45 : Sending slot query to server
05/02/2018 02:42:45 : message "coucou" sent on socket 3
05/02/2018 02:42:45 : Waiting for server response...
05/02/2018 02:42:45 : Server response: wait0
05/02/2018 02:42:45 : Server info: all slots are busy, 0 other clients is waiting list.
05/02/2018 02:42:45 : Server slots are full
05/02/2018 02:42:46 : message "wait" sent on socket 3
05/02/2018 02:43:03 : Connection to 192.168.0.50...
05/02/2018 02:43:03 : Connection to 192.168.0.50 established
05/02/2018 02:43:03 : Sending slot query to server
05/02/2018 02:43:03 : message "coucou" sent on socket 3
05/02/2018 02:43:03 : Waiting for server response...
05/02/2018 02:43:03 : Server response: wait1
05/02/2018 02:43:03 : Server info: all slots are busy, 1 other clients is waiting list.
05/02/2018 02:43:03 : Server slots are full
05/02/2018 02:43:04 : message "wait" sent on socket 3
05/02/2018 02:43:26 : Your are in wait list on position 1
05/02/2018 02:43:26 : Server slots are full
05/02/2018 02:43:27 : message "wait" sent on socket 3
05/02/2018 02:43:27 : Server lost.
05/02/2018 02:43:27 : Socket 3 closed
05/02/2018 02:48:19 : Connection to 192.168.0.50...
05/02/2018 02:48:19 : Connection to 192.168.0.50 established
05/02/2018 02:48:19 : Sending slot query to server
05/02/2018 02:48:19 : message "coucou" sent on socket 3
05/02/2018 02:48:19 : Waiting for server response...
05/02/2018 02:48:19 : Server response: port1350
05/02/2018 02:48:19 : Server info: slot free on port 1350.
05/02/2018 02:48:19 : Launching tx session on 192.168.0.50:1350
05/02/2018 02:48:19 : Started audio transmission
05/02/2018 02:48:21 : Connection to 192.168.0.50...
05/02/2018 02:48:21 : Connection to 192.168.0.50 established
05/02/2018 02:48:21 : Sending slot query to server
05/02/2018 02:48:21 : message "coucou" sent on socket 3
05/02/2018 02:48:21 : Waiting for server response...
05/02/2018 02:48:21 : Server response: wait0
05/02/2018 02:48:21 : Server info: all slots are busy, 0 other clients is waiting list.
05/02/2018 02:48:21 : Server slots are full
05/02/2018 02:48:22 : message "wait" sent on socket 3
05/02/2018 02:48:46 : Connection to 192.168.0.50...
05/02/2018 02:48:46 : Connection to 192.168.0.50 established
05/02/2018 02:48:46 : Sending slot query to server
05/02/2018 02:48:46 : message "coucou" sent on socket 3
05/02/2018 02:48:46 : Waiting for server response...
05/02/2018 02:48:46 : Server response: wait1
05/02/2018 02:48:46 : Server info: all slots are busy, 1 other clients is waiting list.
05/02/2018 02:48:46 : Server slots are full
05/02/2018 02:48:47 : message "wait" sent on socket 3
05/02/2018 02:49:27 : Connection to 192.168.0.50...
05/02/2018 02:49:27 : Connection to 192.168.0.50 established
05/02/2018 02:49:27 : Sending slot query to server
05/02/2018 02:49:27 : message "coucou" sent on socket 3
05/02/2018 02:49:27 : Waiting for server response...
05/02/2018 02:49:27 : Server response: wait1
05/02/2018 02:49:27 : Server info: all slots are busy, 1 other clients is waiting list.
05/02/2018 02:49:27 : Server slots are full
05/02/2018 02:49:28 : message "wait" sent on socket 3
05/02/2018 02:49:52 : Your are in wait list on position 1
05/02/2018 02:49:52 : Server slots are full
05/02/2018 02:49:53 : message "wait" sent on socket 3
05/02/2018 02:49:53 : Server lost.
05/02/2018 02:49:53 : Socket 3 closed
05/02/2018 02:56:51 : Connection to 192.168.0.50...
05/02/2018 02:56:51 : Connection to 192.168.0.50 established
05/02/2018 02:56:51 : Sending slot query to server
05/02/2018 02:56:51 : message "coucou" sent on socket 3
05/02/2018 02:56:51 : Waiting for server response...
05/02/2018 02:56:51 : Server response: port1350
05/02/2018 02:56:51 : Server info: slot free on port 1350.
05/02/2018 02:56:51 : Launching tx session on 192.168.0.50:1350
05/02/2018 02:56:51 : Started audio transmission
05/02/2018 02:56:53 : Connection to 192.168.0.50...
05/02/2018 02:56:53 : Connection to 192.168.0.50 established
05/02/2018 02:56:53 : Sending slot query to server
05/02/2018 02:56:53 : message "coucou" sent on socket 3
05/02/2018 02:56:53 : Waiting for server response...
05/02/2018 02:56:53 : Server response: wait0
05/02/2018 02:56:53 : Server info: all slots are busy, 0 other clients is waiting list.
05/02/2018 02:56:53 : Server slots are full
05/02/2018 02:56:54 : message "wait" sent on socket 3
05/02/2018 02:57:12 : Connection to 192.168.0.50...
05/02/2018 02:57:12 : Connection to 192.168.0.50 established
05/02/2018 02:57:12 : Sending slot query to server
05/02/2018 02:57:12 : message "coucou" sent on socket 3
05/02/2018 02:57:12 : Waiting for server response...
05/02/2018 02:57:12 : Server response: wait1
05/02/2018 02:57:12 : Server info: all slots are busy, 1 other clients is waiting list.
05/02/2018 02:57:12 : Server slots are full
05/02/2018 02:57:13 : message "wait" sent on socket 3
05/02/2018 02:57:17 : Your are in wait list on position 1
05/02/2018 02:57:24 : Connection to 192.168.0.50...
05/02/2018 02:57:24 : Connection to 192.168.0.50 established
05/02/2018 02:57:24 : Sending slot query to server
05/02/2018 02:57:24 : message "coucou" sent on socket 3
05/02/2018 02:57:24 : Waiting for server response...
05/02/2018 02:57:24 : Server response: wait1
05/02/2018 02:57:24 : Server info: all slots are busy, 1 other clients is waiting list.
05/02/2018 02:57:24 : Server slots are full
05/02/2018 02:57:25 : message "wait" sent on socket 3
05/02/2018 02:57:53 : Connection to 192.168.0.50...
05/02/2018 02:57:53 : Connection to 192.168.0.50 established
05/02/2018 02:57:53 : Sending slot query to server
05/02/2018 02:57:53 : message "coucou" sent on socket 3
05/02/2018 02:57:53 : Waiting for server response...
05/02/2018 02:57:53 : Server response: wait2
05/02/2018 02:57:53 : Server info: all slots are busy, 2 other clients is waiting list.
05/02/2018 02:57:53 : Server slots are full
05/02/2018 02:57:53 : Waiting mode disabled. Start tx with -w option to wait
05/02/2018 02:57:53 : Socket 3 closed
05/02/2018 02:57:59 : Connection to 192.168.0.50...
05/02/2018 02:57:59 : Connection to 192.168.0.50 established
05/02/2018 02:57:59 : Sending slot query to server
05/02/2018 02:57:59 : message "coucou" sent on socket 3
05/02/2018 02:57:59 : Waiting for server response...
05/02/2018 02:57:59 : Server response: wait2
05/02/2018 02:57:59 : Server info: all slots are busy, 2 other clients is waiting list.
05/02/2018 02:57:59 : Server slots are full
05/02/2018 02:58:00 : message "wait" sent on socket 3
05/02/2018 02:58:07 : Your are in wait list on position 2
05/02/2018 02:58:14 : Server indicates to stream on port 1350
05/02/2018 02:58:14 : Launching tx session on 192.168.0.50:1350
05/02/2018 02:58:14 : Your are in wait list on position 1
05/02/2018 02:58:14 : Started audio transmission
05/02/2018 02:58:27 : Connection to 192.168.0.50...
05/02/2018 02:58:27 : Connection to 192.168.0.50 established
05/02/2018 02:58:27 : Sending slot query to server
05/02/2018 02:58:27 : message "coucou" sent on socket 3
05/02/2018 02:58:27 : Waiting for server response...
05/02/2018 02:58:27 : Server response: wait1
05/02/2018 02:58:27 : Server info: all slots are busy, 1 other clients is waiting list.
05/02/2018 02:58:27 : Server slots are full
05/02/2018 02:58:28 : message "wait" sent on socket 3
05/02/2018 02:58:46 : Connection to 192.168.0.50...
05/02/2018 02:58:46 : Connection to 192.168.0.50 established
05/02/2018 02:58:46 : Sending slot query to server
05/02/2018 02:58:46 : message "coucou" sent on socket 3
05/02/2018 02:58:46 : Waiting for server response...
05/02/2018 02:58:46 : Server response: wait2
05/02/2018 02:58:46 : Server info: all slots are busy, 2 other clients is waiting list.
05/02/2018 02:58:46 : Server slots are full
05/02/2018 02:58:47 : message "wait" sent on socket 3
05/02/2018 02:58:50 : Your are in wait list on position 1
05/02/2018 02:58:50 : Your are in wait list on position 2
05/02/2018 02:58:58 : Server indicates to stream on port 1350
05/02/2018 02:58:58 : Launching tx session on 192.168.0.50:1350
05/02/2018 02:58:58 : Your are in wait list on position 1
05/02/2018 02:58:58 : Started audio transmission
05/02/2018 02:59:17 : Connection to 192.168.0.50...
05/02/2018 02:59:17 : Connection to 192.168.0.50 established
05/02/2018 02:59:17 : Sending slot query to server
05/02/2018 02:59:17 : message "coucou" sent on socket 3
05/02/2018 02:59:17 : Waiting for server response...
05/02/2018 02:59:17 : Server response: wait1
05/02/2018 02:59:17 : Server info: all slots are busy, 1 other clients is waiting list.
05/02/2018 02:59:17 : Server slots are full
05/02/2018 02:59:18 : message "wait" sent on socket 3
05/02/2018 02:59:35 : Server indicates to stream on port 1350
05/02/2018 02:59:35 : Launching tx session on 192.168.0.50:1350
05/02/2018 02:59:35 : Your are in wait list on position 1
05/02/2018 02:59:35 : Started audio transmission
05/02/2018 02:59:39 : Connection to 192.168.0.50...
05/02/2018 02:59:39 : Connection to 192.168.0.50 established
05/02/2018 02:59:39 : Sending slot query to server
05/02/2018 02:59:39 : message "coucou" sent on socket 3
05/02/2018 02:59:39 : Waiting for server response...
05/02/2018 02:59:39 : Server response: wait1
05/02/2018 02:59:39 : Server info: all slots are busy, 1 other clients is waiting list.
05/02/2018 02:59:39 : Server slots are full
05/02/2018 02:59:40 : message "wait" sent on socket 3
05/02/2018 02:59:40 : Connection to 192.168.0.50...
05/02/2018 02:59:40 : Connection to 192.168.0.50 established
05/02/2018 02:59:40 : Sending slot query to server
05/02/2018 02:59:40 : message "coucou" sent on socket 3
05/02/2018 02:59:40 : Waiting for server response...
05/02/2018 02:59:40 : Server response: wait2
05/02/2018 02:59:40 : Server info: all slots are busy, 2 other clients is waiting list.
05/02/2018 02:59:40 : Server slots are full
05/02/2018 02:59:41 : message "wait" sent on socket 3
05/02/2018 02:59:57 : Server indicates to stream on port 1350
05/02/2018 02:59:57 : Launching tx session on 192.168.0.50:1350
05/02/2018 02:59:57 : Your are in wait list on position 1
05/02/2018 02:59:57 : Your are in wait list on position 2
05/02/2018 02:59:57 : Started audio transmission
05/02/2018 03:00:03 : Your are in wait list on position 1
05/02/2018 03:00:10 : Server indicates to stream on port 1350
05/02/2018 03:00:10 : Launching tx session on 192.168.0.50:1350
05/02/2018 03:00:10 : Started audio transmission
05/02/2018 03:11:36 : Connection to 192.168.0.50...
05/02/2018 03:11:36 : Connection to 192.168.0.50 established
05/02/2018 03:11:36 : Sending slot query to server
05/02/2018 03:11:36 : message "coucou" sent on socket 3
05/02/2018 03:11:36 : Waiting for server response...
05/02/2018 03:11:36 : Server response: port1350
05/02/2018 03:11:36 : Server info: slot free on port 1350.
05/02/2018 03:11:36 : Launching tx session on 192.168.0.50:1350
05/02/2018 03:11:36 : Started audio transmission
05/02/2018 03:11:58 : Server lost.
05/02/2018 03:11:58 : Socket 3 closed
05/02/2018 03:11:58 : Audio transmission finished
05/02/2018 14:19:18 : Connection to 192.168.0.50...
05/02/2018 14:19:18 : Connection to 192.168.0.50 established
05/02/2018 14:19:18 : Sending slot query to server
05/02/2018 14:19:18 : message "coucou" sent on socket 3
05/02/2018 14:19:18 : Waiting for server response...
05/02/2018 14:19:18 : Server response: port1350
05/02/2018 14:19:18 : Server info: slot free on port 1350.
05/02/2018 14:19:18 : Launching tx session on 192.168.0.50:1350
05/02/2018 14:19:18 : Started audio transmission
05/02/2018 14:19:57 : Connection to 192.168.0.50...
05/02/2018 14:19:57 : Connection to 192.168.0.50 established
05/02/2018 14:19:57 : Sending slot query to server
05/02/2018 14:19:57 : message "coucou" sent on socket 3
05/02/2018 14:19:57 : Waiting for server response...
05/02/2018 14:19:57 : Server response: port1350
05/02/2018 14:19:57 : Server info: slot free on port 1350.
05/02/2018 14:19:57 : Launching tx session on 192.168.0.50:1350
05/02/2018 14:19:57 : Started audio transmission
05/02/2018 14:20:10 : Connection to 192.168.0.50...
05/02/2018 14:20:10 : Connection to 192.168.0.50 established
05/02/2018 14:20:10 : Sending slot query to server
05/02/2018 14:20:10 : message "coucou" sent on socket 3
05/02/2018 14:20:10 : Waiting for server response...
05/02/2018 14:20:10 : Server response: wait0
05/02/2018 14:20:10 : Server info: all slots are busy, 0 other clients in waiting list.
05/02/2018 14:20:11 : message "wait" sent on socket 3
05/02/2018 14:20:53 : Connection to 192.168.0.50...
05/02/2018 14:20:53 : Connection to 192.168.0.50 established
05/02/2018 14:20:53 : Sending slot query to server
05/02/2018 14:20:53 : message "coucou" sent on socket 3
05/02/2018 14:20:53 : Waiting for server response...
05/02/2018 14:20:53 : Server response: wait1
05/02/2018 14:20:53 : Server info: all slots are busy, 1 other clients in waiting list.
05/02/2018 14:20:54 : message "wait" sent on socket 3
05/02/2018 14:20:59 : You're in wait list on position 1
05/02/2018 14:21:05 : Connection to 192.168.0.50...
05/02/2018 14:21:05 : Connection to 192.168.0.50 established
05/02/2018 14:21:05 : Sending slot query to server
05/02/2018 14:21:05 : message "coucou" sent on socket 3
05/02/2018 14:21:05 : Waiting for server response...
05/02/2018 14:21:05 : Server response: wait1
05/02/2018 14:21:05 : Server info: all slots are busy, 1 other clients in waiting list.
05/02/2018 14:21:06 : message "wait" sent on socket 3
05/02/2018 14:21:19 : Connection to 192.168.0.50...
05/02/2018 14:21:19 : Connection to 192.168.0.50 established
05/02/2018 14:21:19 : Sending slot query to server
05/02/2018 14:21:19 : message "coucou" sent on socket 3
05/02/2018 14:21:19 : Waiting for server response...
05/02/2018 14:21:19 : Server response: wait2
05/02/2018 14:21:19 : Server info: all slots are busy, 2 other clients in waiting list.
05/02/2018 14:21:20 : message "wait" sent on socket 3
05/02/2018 14:21:40 : Connection to 192.168.0.50...
05/02/2018 14:21:40 : Connection to 192.168.0.50 established
05/02/2018 14:21:40 : Sending slot query to server
05/02/2018 14:21:40 : message "coucou" sent on socket 3
05/02/2018 14:21:40 : Waiting for server response...
05/02/2018 14:21:40 : Server response: wait3
05/02/2018 14:21:40 : Server info: all slots are busy, 3 other clients in waiting list.
05/02/2018 14:21:41 : message "wait" sent on socket 3
05/02/2018 14:21:50 : Connection to 192.168.0.50...
05/02/2018 14:21:50 : Connection to 192.168.0.50 established
05/02/2018 14:21:50 : Sending slot query to server
05/02/2018 14:21:50 : message "coucou" sent on socket 3
05/02/2018 14:21:50 : Waiting for server response...
05/02/2018 14:21:50 : Server response: wait4
05/02/2018 14:21:50 : Server info: all slots are busy, 4 other clients in waiting list.
05/02/2018 14:21:51 : message "wait" sent on socket 3
05/02/2018 14:22:06 : Connection to 192.168.0.50...
05/02/2018 14:22:06 : Connection to 192.168.0.50 established
05/02/2018 14:22:06 : Sending slot query to server
05/02/2018 14:22:06 : message "coucou" sent on socket 3
05/02/2018 14:22:06 : Waiting for server response...
05/02/2018 14:22:06 : Server stopped
05/02/2018 14:22:06 : Server lost.
05/02/2018 14:22:06 : Server lost.
05/02/2018 14:22:06 : Socket 3 closed
05/02/2018 14:22:06 : Server lost.
05/02/2018 14:22:06 : Socket 3 closed
05/02/2018 14:22:06 : Server lost.
05/02/2018 14:22:06 : Socket 3 closed
05/02/2018 14:22:06 : Socket 3 closed
05/02/2018 14:22:06 : Server lost.
05/02/2018 14:22:06 : Socket 3 closed
05/02/2018 14:22:06 : Server lost.
05/02/2018 14:22:06 : Socket 3 closed
05/02/2018 14:31:23 : Connection to 192.168.0.50...
05/02/2018 14:31:23 : Connection to 192.168.0.50 established
05/02/2018 14:31:23 : Sending slot query to server
05/02/2018 14:31:23 : message "coucou" sent on socket 3
05/02/2018 14:31:23 : Waiting for server response...
05/02/2018 14:31:23 : Server response: port1350
05/02/2018 14:31:23 : Server info: slot free on port 1350.
05/02/2018 14:31:23 : Launching tx session on 192.168.0.50:1350
05/02/2018 14:31:23 : Started audio transmission
05/02/2018 14:31:26 : Connection to 192.168.0.50...
05/02/2018 14:31:26 : Connection to 192.168.0.50 established
05/02/2018 14:31:26 : Sending slot query to server
05/02/2018 14:31:26 : message "coucou" sent on socket 3
05/02/2018 14:31:26 : Waiting for server response...
05/02/2018 14:31:26 : Server response: wait0
05/02/2018 14:31:26 : Server info: all slots are busy, 0 other clients in waiting list.
05/02/2018 14:31:27 : message "wait" sent on socket 3
05/02/2018 14:31:32 : Connection to 192.168.0.50...
05/02/2018 14:31:32 : Connection to 192.168.0.50 established
05/02/2018 14:31:32 : Sending slot query to server
05/02/2018 14:31:32 : message "coucou" sent on socket 3
05/02/2018 14:31:32 : Waiting for server response...
05/02/2018 14:31:32 : Server response: wait1
05/02/2018 14:31:32 : Server info: all slots are busy, 1 other clients in waiting list.
05/02/2018 14:31:33 : message "wait" sent on socket 3
05/02/2018 14:31:33 : Connection to 192.168.0.50...
05/02/2018 14:31:33 : Connection to 192.168.0.50 established
05/02/2018 14:31:33 : Sending slot query to server
05/02/2018 14:31:33 : message "coucou" sent on socket 3
05/02/2018 14:31:33 : Waiting for server response...
05/02/2018 14:31:33 : Server response: wait2
05/02/2018 14:31:33 : Server info: all slots are busy, 2 other clients in waiting list.
05/02/2018 14:31:34 : message "wait" sent on socket 3
05/02/2018 14:31:36 : Connection to 192.168.0.50...
05/02/2018 14:31:36 : Connection to 192.168.0.50 established
05/02/2018 14:31:36 : Sending slot query to server
05/02/2018 14:31:36 : message "coucou" sent on socket 3
05/02/2018 14:31:36 : Waiting for server response...
05/02/2018 14:31:36 : Server response: wait3
05/02/2018 14:31:36 : Server info: all slots are busy, 3 other clients in waiting list.
05/02/2018 14:31:37 : message "wait" sent on socket 3
05/02/2018 14:31:38 : Connection to 192.168.0.50...
05/02/2018 14:31:38 : Connection to 192.168.0.50 established
05/02/2018 14:31:38 : Sending slot query to server
05/02/2018 14:31:38 : message "coucou" sent on socket 3
05/02/2018 14:31:38 : Waiting for server response...
05/02/2018 14:31:38 : Server response: wait4
05/02/2018 14:31:38 : Server info: all slots are busy, 4 other clients in waiting list.
05/02/2018 14:31:39 : message "wait" sent on socket 3
05/02/2018 14:31:40 : Connection to 192.168.0.50...
05/02/2018 14:31:40 : Connection to 192.168.0.50 established
05/02/2018 14:31:40 : Sending slot query to server
05/02/2018 14:31:40 : message "coucou" sent on socket 3
05/02/2018 14:31:40 : Waiting for server response...
05/02/2018 14:31:40 : Server lost.
05/02/2018 14:31:40 : Socket 3 closed
05/02/2018 14:31:40 : Server lost.
05/02/2018 14:31:40 : Server lost.
05/02/2018 14:31:40 : Socket 3 closed
05/02/2018 14:31:40 : Socket 3 closed
05/02/2018 14:31:40 : Server stopped
05/02/2018 14:31:40 : Server lost.
05/02/2018 14:31:40 : Socket 3 closed
05/02/2018 14:31:40 : Server lost.
05/02/2018 14:31:40 : Socket 3 closed
05/02/2018 14:31:40 : Server lost.
05/02/2018 14:31:40 : Socket 3 closed
05/02/2018 14:48:55 : Connection to 192.168.0.50...
05/02/2018 14:48:55 : Connection to 192.168.0.50 established
05/02/2018 14:48:55 : Sending slot query to server
05/02/2018 14:48:55 : message "coucou" sent on socket 3
05/02/2018 14:48:55 : Waiting for server response...
05/02/2018 14:48:55 : Server response: port1350
05/02/2018 14:48:55 : Server info: slot free on port 1350.
05/02/2018 14:48:55 : Launching tx session on 192.168.0.50:1350
05/02/2018 14:48:55 : Started audio transmission
05/02/2018 14:48:57 : Connection to 192.168.0.50...
05/02/2018 14:48:57 : Connection to 192.168.0.50 established
05/02/2018 14:48:57 : Sending slot query to server
05/02/2018 14:48:57 : message "coucou" sent on socket 3
05/02/2018 14:48:57 : Waiting for server response...
05/02/2018 14:48:57 : Server response: disconnect
05/02/2018 14:49:23 : Server lost.
05/02/2018 14:49:23 : Socket 3 closed
05/02/2018 14:49:23 : Audio transmission finished
05/02/2018 14:50:28 : Connection to 192.168.0.50...
05/02/2018 14:50:28 : Connection to 192.168.0.50 established
05/02/2018 14:50:28 : Sending slot query to server
05/02/2018 14:50:28 : message "coucou" sent on socket 3
05/02/2018 14:50:28 : Waiting for server response...
05/02/2018 14:50:28 : Server response: port1350
05/02/2018 14:50:28 : Server info: slot free on port 1350.
05/02/2018 14:50:28 : Launching tx session on 192.168.0.50:1350
05/02/2018 14:50:28 : Started audio transmission
05/02/2018 14:50:30 : Connection to 192.168.0.50...
05/02/2018 14:50:30 : Connection to 192.168.0.50 established
05/02/2018 14:50:30 : Sending slot query to server
05/02/2018 14:50:30 : message "coucou" sent on socket 3
05/02/2018 14:50:30 : Waiting for server response...
05/02/2018 14:50:30 : Server response: wait0
05/02/2018 14:50:30 : Server info: all slots are busy, 0 other clients in waiting list.
05/02/2018 14:50:31 : message "wait" sent on socket 3
05/02/2018 14:50:33 : Connection to 192.168.0.50...
05/02/2018 14:50:33 : Connection to 192.168.0.50 established
05/02/2018 14:50:33 : Sending slot query to server
05/02/2018 14:50:33 : message "coucou" sent on socket 3
05/02/2018 14:50:33 : Waiting for server response...
05/02/2018 14:50:33 : Server response: wait1
05/02/2018 14:50:33 : Server info: all slots are busy, 1 other clients in waiting list.
05/02/2018 14:50:34 : message "wait" sent on socket 3
05/02/2018 14:50:36 : Connection to 192.168.0.50...
05/02/2018 14:50:36 : Connection to 192.168.0.50 established
05/02/2018 14:50:36 : Sending slot query to server
05/02/2018 14:50:36 : message "coucou" sent on socket 3
05/02/2018 14:50:36 : Waiting for server response...
05/02/2018 14:50:36 : Server response: wait2
05/02/2018 14:50:36 : Server info: all slots are busy, 2 other clients in waiting list.
05/02/2018 14:50:37 : message "wait" sent on socket 3
05/02/2018 14:50:38 : Connection to 192.168.0.50...
05/02/2018 14:50:38 : Connection to 192.168.0.50 established
05/02/2018 14:50:38 : Sending slot query to server
05/02/2018 14:50:38 : message "coucou" sent on socket 3
05/02/2018 14:50:38 : Waiting for server response...
05/02/2018 14:50:38 : Server response: wait3
05/02/2018 14:50:38 : Server info: all slots are busy, 3 other clients in waiting list.
05/02/2018 14:50:39 : message "wait" sent on socket 3
05/02/2018 14:50:41 : Connection to 192.168.0.50...
05/02/2018 14:50:41 : Connection to 192.168.0.50 established
05/02/2018 14:50:41 : Sending slot query to server
05/02/2018 14:50:41 : message "coucou" sent on socket 3
05/02/2018 14:50:41 : Waiting for server response...
05/02/2018 14:50:41 : Server response: wait4
05/02/2018 14:50:41 : Server info: all slots are busy, 4 other clients in waiting list.
05/02/2018 14:50:42 : message "wait" sent on socket 3
05/02/2018 14:50:44 : Connection to 192.168.0.50...
05/02/2018 14:50:44 : Connection to 192.168.0.50 established
05/02/2018 14:50:44 : Sending slot query to server
05/02/2018 14:50:44 : message "coucou" sent on socket 3
05/02/2018 14:50:44 : Waiting for server response...
05/02/2018 14:50:44 : Server response: disconnect
05/02/2018 14:57:41 : Server lost.
05/02/2018 14:57:41 : Server lost.
05/02/2018 14:57:41 : Server lost.
05/02/2018 14:57:41 : Socket 3 closed
05/02/2018 14:57:41 : Socket 3 closed
05/02/2018 14:57:41 : Socket 3 closed
05/02/2018 14:57:41 : Server lost.
05/02/2018 14:57:41 : Socket 3 closed
05/02/2018 14:57:41 : Server lost.
05/02/2018 14:57:41 : Server lost.
05/02/2018 14:57:41 : Socket 3 closed
05/02/2018 14:57:41 : Socket 3 closed
05/02/2018 14:57:41 : Server lost.
05/02/2018 14:57:41 : Socket 3 closed
05/02/2018 14:57:41 : Audio transmission finished
05/02/2018 14:59:34 : Connection to 192.168.0.50...
05/02/2018 14:59:34 : Connection to 192.168.0.50 established
05/02/2018 14:59:34 : Sending slot query to server
05/02/2018 14:59:34 : message "coucou" sent on socket 3
05/02/2018 14:59:34 : Waiting for server response...
05/02/2018 14:59:34 : Server response: port1350
05/02/2018 14:59:34 : Server info: slot free on port 1350.
05/02/2018 14:59:34 : Launching tx session on 192.168.0.50:1350
05/02/2018 14:59:34 : Started audio transmission
05/02/2018 14:59:36 : Connection to 192.168.0.50...
05/02/2018 14:59:36 : Connection to 192.168.0.50 established
05/02/2018 14:59:36 : Sending slot query to server
05/02/2018 14:59:36 : message "coucou" sent on socket 3
05/02/2018 14:59:36 : Waiting for server response...
05/02/2018 14:59:36 : Server response: wait0
05/02/2018 14:59:36 : Server info: all slots are busy, 0 other clients in waiting list.
05/02/2018 14:59:37 : message "wait" sent on socket 3
05/02/2018 14:59:40 : Connection to 192.168.0.50...
05/02/2018 14:59:40 : Connection to 192.168.0.50 established
05/02/2018 14:59:40 : Sending slot query to server
05/02/2018 14:59:40 : message "coucou" sent on socket 3
05/02/2018 14:59:40 : Waiting for server response...
05/02/2018 14:59:40 : Server response: wait1
05/02/2018 14:59:40 : Server info: all slots are busy, 1 other clients in waiting list.
05/02/2018 14:59:41 : message "wait" sent on socket 3
05/02/2018 14:59:43 : Connection to 192.168.0.50...
05/02/2018 14:59:43 : Connection to 192.168.0.50 established
05/02/2018 14:59:43 : Sending slot query to server
05/02/2018 14:59:43 : message "coucou" sent on socket 3
05/02/2018 14:59:43 : Waiting for server response...
05/02/2018 14:59:43 : Server response: wait2
05/02/2018 14:59:43 : Server info: all slots are busy, 2 other clients in waiting list.
05/02/2018 14:59:44 : message "wait" sent on socket 3
05/02/2018 14:59:45 : Connection to 192.168.0.50...
05/02/2018 14:59:45 : Connection to 192.168.0.50 established
05/02/2018 14:59:45 : Sending slot query to server
05/02/2018 14:59:45 : message "coucou" sent on socket 3
05/02/2018 14:59:45 : Waiting for server response...
05/02/2018 14:59:45 : Server response: wait3
05/02/2018 14:59:45 : Server info: all slots are busy, 3 other clients in waiting list.
05/02/2018 14:59:46 : message "wait" sent on socket 3
05/02/2018 14:59:48 : Connection to 192.168.0.50...
05/02/2018 14:59:48 : Connection to 192.168.0.50 established
05/02/2018 14:59:48 : Sending slot query to server
05/02/2018 14:59:48 : message "coucou" sent on socket 3
05/02/2018 14:59:48 : Waiting for server response...
05/02/2018 14:59:48 : Server response: wait4
05/02/2018 14:59:48 : Server info: all slots are busy, 4 other clients in waiting list.
05/02/2018 14:59:49 : message "wait" sent on socket 3
05/02/2018 14:59:51 : Connection to 192.168.0.50...
05/02/2018 14:59:51 : Connection to 192.168.0.50 established
05/02/2018 14:59:51 : Sending slot query to server
05/02/2018 14:59:51 : message "coucou" sent on socket 3
05/02/2018 14:59:51 : Waiting for server response...
05/02/2018 14:59:51 : Server response: wait-1
05/02/2018 14:59:51 : Server info: all slots are busy and waiting list is full.
05/02/2018 15:06:17 : Connection to 192.168.0.50...
05/02/2018 15:06:17 : Connection to 192.168.0.50 established
05/02/2018 15:06:17 : Sending slot query to server
05/02/2018 15:06:17 : message "coucou" sent on socket 3
05/02/2018 15:06:17 : Waiting for server response...
05/02/2018 15:06:17 : Server response: port1350
05/02/2018 15:06:17 : Server info: slot free on port 1350.
05/02/2018 15:06:17 : Launching tx session on 192.168.0.50:1350
05/02/2018 15:06:17 : Started audio transmission
05/02/2018 15:06:19 : Connection to 192.168.0.50...
05/02/2018 15:06:19 : Connection to 192.168.0.50 established
05/02/2018 15:06:19 : Sending slot query to server
05/02/2018 15:06:19 : message "coucou" sent on socket 3
05/02/2018 15:06:19 : Waiting for server response...
05/02/2018 15:06:19 : Server response: wait0
05/02/2018 15:06:19 : Server info: all slots are busy, 0 other clients in waiting list.
05/02/2018 15:06:20 : message "wait" sent on socket 3
05/02/2018 15:06:23 : Connection to 192.168.0.50...
05/02/2018 15:06:23 : Connection to 192.168.0.50 established
05/02/2018 15:06:23 : Sending slot query to server
05/02/2018 15:06:23 : message "coucou" sent on socket 3
05/02/2018 15:06:23 : Waiting for server response...
05/02/2018 15:06:23 : Server response: wait1
05/02/2018 15:06:23 : Server info: all slots are busy, 1 other clients in waiting list.
05/02/2018 15:06:24 : message "wait" sent on socket 3
05/02/2018 15:06:25 : Connection to 192.168.0.50...
05/02/2018 15:06:25 : Connection to 192.168.0.50 established
05/02/2018 15:06:25 : Sending slot query to server
05/02/2018 15:06:25 : message "coucou" sent on socket 3
05/02/2018 15:06:25 : Waiting for server response...
05/02/2018 15:06:25 : Server response: wait2
05/02/2018 15:06:25 : Server info: all slots are busy, 2 other clients in waiting list.
05/02/2018 15:06:27 : message "wait" sent on socket 3
05/02/2018 15:06:30 : Connection to 192.168.0.50...
05/02/2018 15:06:30 : Connection to 192.168.0.50 established
05/02/2018 15:06:30 : Sending slot query to server
05/02/2018 15:06:30 : message "coucou" sent on socket 3
05/02/2018 15:06:30 : Waiting for server response...
05/02/2018 15:06:30 : Server response: wait3
05/02/2018 15:06:30 : Server info: all slots are busy, 3 other clients in waiting list.
05/02/2018 15:06:31 : message "wait" sent on socket 3
05/02/2018 15:06:32 : Connection to 192.168.0.50...
05/02/2018 15:06:32 : Connection to 192.168.0.50 established
05/02/2018 15:06:32 : Sending slot query to server
05/02/2018 15:06:32 : message "coucou" sent on socket 3
05/02/2018 15:06:32 : Waiting for server response...
05/02/2018 15:06:32 : Server response: wait4
05/02/2018 15:06:32 : Server info: all slots are busy, 4 other clients in waiting list.
05/02/2018 15:06:33 : message "wait" sent on socket 3
05/02/2018 15:06:35 : Connection to 192.168.0.50...
05/02/2018 15:06:35 : Connection to 192.168.0.50 established
05/02/2018 15:06:35 : Sending slot query to server
05/02/2018 15:06:35 : message "coucou" sent on socket 3
05/02/2018 15:06:35 : Waiting for server response...
05/02/2018 15:06:35 : Server response: wait-1
05/02/2018 15:06:35 : Server info: all slots are busy and waiting list is full.
05/02/2018 16:09:07 : Connection to 192.168.0.50...
05/02/2018 16:09:07 : Connection to 192.168.0.50 established
05/02/2018 16:09:07 : Sending slot query to server
05/02/2018 16:09:07 : message "coucou" sent on socket 3
05/02/2018 16:09:07 : Waiting for server response...
05/02/2018 16:09:07 : Server response: port1350
05/02/2018 16:09:07 : Server info: slot free on port 1350.
05/02/2018 16:09:07 : Launching tx session on 192.168.0.50:1350
05/02/2018 16:09:07 : Started audio transmission
05/02/2018 16:09:09 : Connection to 192.168.0.50...
05/02/2018 16:09:09 : Connection to 192.168.0.50 established
05/02/2018 16:09:09 : Sending slot query to server
05/02/2018 16:09:09 : message "coucou" sent on socket 3
05/02/2018 16:09:09 : Waiting for server response...
05/02/2018 16:09:09 : Server response: wait0
05/02/2018 16:09:09 : Server info: all slots are busy, 0 other clients in waiting list.
05/02/2018 16:09:10 : message "wait" sent on socket 3
05/02/2018 16:09:13 : Connection to 192.168.0.50...
05/02/2018 16:09:13 : Connection to 192.168.0.50 established
05/02/2018 16:09:13 : Sending slot query to server
05/02/2018 16:09:13 : message "coucou" sent on socket 3
05/02/2018 16:09:13 : Waiting for server response...
05/02/2018 16:09:13 : Server response: wait1
05/02/2018 16:09:13 : Server info: all slots are busy, 1 other clients in waiting list.
05/02/2018 16:09:14 : message "wait" sent on socket 3
05/02/2018 16:09:15 : Connection to 192.168.0.50...
05/02/2018 16:09:15 : Connection to 192.168.0.50 established
05/02/2018 16:09:15 : Sending slot query to server
05/02/2018 16:09:15 : message "coucou" sent on socket 3
05/02/2018 16:09:15 : Waiting for server response...
05/02/2018 16:09:15 : Server response: wait2
05/02/2018 16:09:15 : Server info: all slots are busy, 2 other clients in waiting list.
05/02/2018 16:09:16 : message "wait" sent on socket 3
05/02/2018 16:09:16 : Connection to 192.168.0.50...
05/02/2018 16:09:16 : Connection to 192.168.0.50 established
05/02/2018 16:09:16 : Sending slot query to server
05/02/2018 16:09:16 : message "coucou" sent on socket 3
05/02/2018 16:09:16 : Waiting for server response...
05/02/2018 16:09:16 : Server response: wait3
05/02/2018 16:09:16 : Server info: all slots are busy, 3 other clients in waiting list.
05/02/2018 16:09:17 : message "wait" sent on socket 3
05/02/2018 16:09:18 : Connection to 192.168.0.50...
05/02/2018 16:09:18 : Connection to 192.168.0.50 established
05/02/2018 16:09:18 : Sending slot query to server
05/02/2018 16:09:18 : message "coucou" sent on socket 3
05/02/2018 16:09:18 : Waiting for server response...
05/02/2018 16:09:18 : Server response: wait4
05/02/2018 16:09:18 : Server info: all slots are busy, 4 other clients in waiting list.
05/02/2018 16:09:19 : message "wait" sent on socket 3
05/02/2018 16:09:22 : Connection to 192.168.0.50...
05/02/2018 16:09:22 : Connection to 192.168.0.50 established
05/02/2018 16:09:22 : Sending slot query to server
05/02/2018 16:09:22 : message "coucou" sent on socket 3
05/02/2018 16:09:22 : Waiting for server response...
05/02/2018 16:09:22 : Server response: wait-1
05/02/2018 16:09:22 : Server info: all slots are busy and waiting list is full.
05/02/2018 16:09:22 : Socket 3 closed
05/02/2018 16:09:30 : Server indicates to stream on port 1350
05/02/2018 16:09:30 : Launching tx session on 192.168.0.50:1350
05/02/2018 16:09:30 : You're in wait list on position 1
05/02/2018 16:09:30 : You're in wait list on position 2
05/02/2018 16:09:30 : You're in wait list on position 3
05/02/2018 16:09:30 : You're in wait list on position 4
05/02/2018 16:09:30 : Started audio transmission
05/02/2018 16:09:44 : You're in wait list on position 2
05/02/2018 16:09:44 : You're in wait list on position 3
05/02/2018 16:09:51 : Server indicates to stream on port 1350
05/02/2018 16:09:51 : Launching tx session on 192.168.0.50:1350
05/02/2018 16:09:51 : You're in wait list on position 1
05/02/2018 16:09:51 : You're in wait list on position 2
05/02/2018 16:09:51 : Started audio transmission
05/02/2018 16:09:55 : Server indicates to stream on port 1350
05/02/2018 16:09:55 : Launching tx session on 192.168.0.50:1350
05/02/2018 16:09:55 : You're in wait list on position 1
05/02/2018 16:09:55 : Started audio transmission
05/02/2018 16:09:59 : Server indicates to stream on port 1350
05/02/2018 16:09:59 : Launching tx session on 192.168.0.50:1350
05/02/2018 16:09:59 : Started audio transmission
